[2025-05-15T09:51:22.413+0000] {taskinstance.py:1087} INFO - Dependencies all met for <TaskInstance: load_sales_csv.load_csv scheduled__2023-05-24T00:00:00+00:00 [queued]>
[2025-05-15T09:51:22.500+0000] {taskinstance.py:1087} INFO - Dependencies all met for <TaskInstance: load_sales_csv.load_csv scheduled__2023-05-24T00:00:00+00:00 [queued]>
[2025-05-15T09:51:22.500+0000] {taskinstance.py:1283} INFO - 
--------------------------------------------------------------------------------
[2025-05-15T09:51:22.502+0000] {taskinstance.py:1284} INFO - Starting attempt 1 of 1
[2025-05-15T09:51:22.504+0000] {taskinstance.py:1285} INFO - 
--------------------------------------------------------------------------------
[2025-05-15T09:51:22.624+0000] {taskinstance.py:1304} INFO - Executing <Task(PythonOperator): load_csv> on 2023-05-24 00:00:00+00:00
[2025-05-15T09:51:22.670+0000] {standard_task_runner.py:55} INFO - Started process 1058 to run task
[2025-05-15T09:51:22.709+0000] {standard_task_runner.py:82} INFO - Running: ['***', 'tasks', 'run', 'load_sales_csv', 'load_csv', 'scheduled__2023-05-24T00:00:00+00:00', '--job-id', '147', '--raw', '--subdir', 'DAGS_FOLDER/load_sales.py', '--cfg-path', '/tmp/tmpckzdj27m']
[2025-05-15T09:51:22.727+0000] {standard_task_runner.py:83} INFO - Job 147: Subtask load_csv
[2025-05-15T09:51:23.183+0000] {task_command.py:389} INFO - Running <TaskInstance: load_sales_csv.load_csv scheduled__2023-05-24T00:00:00+00:00 [running]> on host 1430ca430efd
[2025-05-15T09:51:25.356+0000] {taskinstance.py:1513} INFO - Exporting the following env vars:
AIRFLOW_CTX_DAG_OWNER=***
AIRFLOW_CTX_DAG_ID=load_sales_csv
AIRFLOW_CTX_TASK_ID=load_csv
AIRFLOW_CTX_EXECUTION_DATE=2023-05-24T00:00:00+00:00
AIRFLOW_CTX_TRY_NUMBER=1
AIRFLOW_CTX_DAG_RUN_ID=scheduled__2023-05-24T00:00:00+00:00
[2025-05-15T09:53:04.833+0000] {python.py:177} INFO - Done. Returned value was: None
[2025-05-15T09:53:04.853+0000] {taskinstance.py:1327} INFO - Marking task as SUCCESS. dag_id=load_sales_csv, task_id=load_csv, execution_date=20230524T000000, start_date=20250515T095122, end_date=20250515T095304
[2025-05-15T09:53:04.961+0000] {local_task_job.py:159} INFO - Task exited with return code 0
[2025-05-15T09:53:04.996+0000] {taskinstance.py:2582} INFO - 0 downstream tasks scheduled from follow-on schedule check
