[2025-05-15T09:51:31.705+0000] {taskinstance.py:1087} INFO - Dependencies all met for <TaskInstance: load_sales_csv.load_csv scheduled__2023-05-25T00:00:00+00:00 [queued]>
[2025-05-15T09:51:31.772+0000] {taskinstance.py:1087} INFO - Dependencies all met for <TaskInstance: load_sales_csv.load_csv scheduled__2023-05-25T00:00:00+00:00 [queued]>
[2025-05-15T09:51:31.774+0000] {taskinstance.py:1283} INFO - 
--------------------------------------------------------------------------------
[2025-05-15T09:51:31.777+0000] {taskinstance.py:1284} INFO - Starting attempt 1 of 1
[2025-05-15T09:51:31.777+0000] {taskinstance.py:1285} INFO - 
--------------------------------------------------------------------------------
[2025-05-15T09:51:31.892+0000] {taskinstance.py:1304} INFO - Executing <Task(PythonOperator): load_csv> on 2023-05-25 00:00:00+00:00
[2025-05-15T09:51:31.966+0000] {standard_task_runner.py:55} INFO - Started process 1070 to run task
[2025-05-15T09:51:31.987+0000] {standard_task_runner.py:82} INFO - Running: ['***', 'tasks', 'run', 'load_sales_csv', 'load_csv', 'scheduled__2023-05-25T00:00:00+00:00', '--job-id', '148', '--raw', '--subdir', 'DAGS_FOLDER/load_sales.py', '--cfg-path', '/tmp/tmp5b1iboiq']
[2025-05-15T09:51:31.995+0000] {standard_task_runner.py:83} INFO - Job 148: Subtask load_csv
[2025-05-15T09:51:32.483+0000] {task_command.py:389} INFO - Running <TaskInstance: load_sales_csv.load_csv scheduled__2023-05-25T00:00:00+00:00 [running]> on host 1430ca430efd
[2025-05-15T09:51:34.603+0000] {taskinstance.py:1513} INFO - Exporting the following env vars:
AIRFLOW_CTX_DAG_OWNER=***
AIRFLOW_CTX_DAG_ID=load_sales_csv
AIRFLOW_CTX_TASK_ID=load_csv
AIRFLOW_CTX_EXECUTION_DATE=2023-05-25T00:00:00+00:00
AIRFLOW_CTX_TRY_NUMBER=1
AIRFLOW_CTX_DAG_RUN_ID=scheduled__2023-05-25T00:00:00+00:00
[2025-05-15T09:53:08.434+0000] {python.py:177} INFO - Done. Returned value was: None
[2025-05-15T09:53:08.448+0000] {taskinstance.py:1327} INFO - Marking task as SUCCESS. dag_id=load_sales_csv, task_id=load_csv, execution_date=20230525T000000, start_date=20250515T095131, end_date=20250515T095308
[2025-05-15T09:53:08.507+0000] {local_task_job.py:159} INFO - Task exited with return code 0
[2025-05-15T09:53:08.525+0000] {taskinstance.py:2582} INFO - 0 downstream tasks scheduled from follow-on schedule check
