[2025-05-15T09:39:54.628+0000] {taskinstance.py:1087} INFO - Dependencies all met for <TaskInstance: load_sales_csv.load_csv scheduled__2023-01-18T00:00:00+00:00 [queued]>
[2025-05-15T09:39:54.758+0000] {taskinstance.py:1087} INFO - Dependencies all met for <TaskInstance: load_sales_csv.load_csv scheduled__2023-01-18T00:00:00+00:00 [queued]>
[2025-05-15T09:39:54.758+0000] {taskinstance.py:1283} INFO - 
--------------------------------------------------------------------------------
[2025-05-15T09:39:54.760+0000] {taskinstance.py:1284} INFO - Starting attempt 1 of 1
[2025-05-15T09:39:54.762+0000] {taskinstance.py:1285} INFO - 
--------------------------------------------------------------------------------
[2025-05-15T09:39:55.007+0000] {taskinstance.py:1304} INFO - Executing <Task(PythonOperator): load_csv> on 2023-01-18 00:00:00+00:00
[2025-05-15T09:39:55.068+0000] {standard_task_runner.py:55} INFO - Started process 344 to run task
[2025-05-15T09:39:55.104+0000] {standard_task_runner.py:82} INFO - Running: ['***', 'tasks', 'run', 'load_sales_csv', 'load_csv', 'scheduled__2023-01-18T00:00:00+00:00', '--job-id', '21', '--raw', '--subdir', 'DAGS_FOLDER/load_sales.py', '--cfg-path', '/tmp/tmpz8p4kq75']
[2025-05-15T09:39:55.130+0000] {standard_task_runner.py:83} INFO - Job 21: Subtask load_csv
[2025-05-15T09:39:55.689+0000] {task_command.py:389} INFO - Running <TaskInstance: load_sales_csv.load_csv scheduled__2023-01-18T00:00:00+00:00 [running]> on host 1430ca430efd
[2025-05-15T09:39:57.334+0000] {taskinstance.py:1513} INFO - Exporting the following env vars:
AIRFLOW_CTX_DAG_OWNER=***
AIRFLOW_CTX_DAG_ID=load_sales_csv
AIRFLOW_CTX_TASK_ID=load_csv
AIRFLOW_CTX_EXECUTION_DATE=2023-01-18T00:00:00+00:00
AIRFLOW_CTX_TRY_NUMBER=1
AIRFLOW_CTX_DAG_RUN_ID=scheduled__2023-01-18T00:00:00+00:00
[2025-05-15T09:40:36.278+0000] {taskinstance.py:1483} ERROR - Received SIGTERM. Terminating subprocesses.
[2025-05-15T09:40:40.083+0000] {local_task_job.py:159} INFO - Task exited with return code Negsignal.SIGKILL
[2025-05-15T09:40:40.178+0000] {taskinstance.py:2582} INFO - 0 downstream tasks scheduled from follow-on schedule check
