[2025-05-15T09:42:20.116+0000] {taskinstance.py:1087} INFO - Dependencies all met for <TaskInstance: load_sales_csv.load_csv scheduled__2023-02-11T00:00:00+00:00 [queued]>
[2025-05-15T09:42:20.232+0000] {taskinstance.py:1087} INFO - Dependencies all met for <TaskInstance: load_sales_csv.load_csv scheduled__2023-02-11T00:00:00+00:00 [queued]>
[2025-05-15T09:42:20.234+0000] {taskinstance.py:1283} INFO - 
--------------------------------------------------------------------------------
[2025-05-15T09:42:20.237+0000] {taskinstance.py:1284} INFO - Starting attempt 1 of 1
[2025-05-15T09:42:20.239+0000] {taskinstance.py:1285} INFO - 
--------------------------------------------------------------------------------
[2025-05-15T09:42:20.414+0000] {taskinstance.py:1304} INFO - Executing <Task(PythonOperator): load_csv> on 2023-02-11 00:00:00+00:00
[2025-05-15T09:42:20.459+0000] {standard_task_runner.py:55} INFO - Started process 478 to run task
[2025-05-15T09:42:20.483+0000] {standard_task_runner.py:82} INFO - Running: ['***', 'tasks', 'run', 'load_sales_csv', 'load_csv', 'scheduled__2023-02-11T00:00:00+00:00', '--job-id', '45', '--raw', '--subdir', 'DAGS_FOLDER/load_sales.py', '--cfg-path', '/tmp/tmpiroosy1y']
[2025-05-15T09:42:20.519+0000] {standard_task_runner.py:83} INFO - Job 45: Subtask load_csv
[2025-05-15T09:42:21.124+0000] {task_command.py:389} INFO - Running <TaskInstance: load_sales_csv.load_csv scheduled__2023-02-11T00:00:00+00:00 [running]> on host 1430ca430efd
[2025-05-15T09:42:23.619+0000] {taskinstance.py:1513} INFO - Exporting the following env vars:
AIRFLOW_CTX_DAG_OWNER=***
AIRFLOW_CTX_DAG_ID=load_sales_csv
AIRFLOW_CTX_TASK_ID=load_csv
AIRFLOW_CTX_EXECUTION_DATE=2023-02-11T00:00:00+00:00
AIRFLOW_CTX_TRY_NUMBER=1
AIRFLOW_CTX_DAG_RUN_ID=scheduled__2023-02-11T00:00:00+00:00
[2025-05-15T09:43:24.126+0000] {taskinstance.py:1483} ERROR - Received SIGTERM. Terminating subprocesses.
[2025-05-15T09:43:28.290+0000] {local_task_job.py:159} INFO - Task exited with return code Negsignal.SIGKILL
[2025-05-15T09:43:29.167+0000] {taskinstance.py:2582} INFO - 0 downstream tasks scheduled from follow-on schedule check
