[2025-05-15T08:23:30.920+0000] {manager.py:483} INFO - Processing files using up to 2 processes at a time 
[2025-05-15T08:23:30.925+0000] {manager.py:484} INFO - Process each file at most once every 30 seconds
[2025-05-15T08:23:30.925+0000] {manager.py:486} INFO - Checking for new files in /opt/airflow/dags every 300 seconds
[2025-05-15T08:23:30.925+0000] {manager.py:726} INFO - Searching for files in /opt/airflow/dags
[2025-05-15T08:23:30.930+0000] {manager.py:729} INFO - There are 0 files in /opt/airflow/dags
[2025-05-15T08:28:31.188+0000] {manager.py:726} INFO - Searching for files in /opt/airflow/dags
[2025-05-15T08:28:31.189+0000] {manager.py:729} INFO - There are 0 files in /opt/airflow/dags
[2025-05-15T08:33:31.234+0000] {manager.py:726} INFO - Searching for files in /opt/airflow/dags
[2025-05-15T08:33:31.235+0000] {manager.py:729} INFO - There are 0 files in /opt/airflow/dags
[2025-05-15T08:38:31.288+0000] {manager.py:726} INFO - Searching for files in /opt/airflow/dags
[2025-05-15T08:38:31.289+0000] {manager.py:729} INFO - There are 0 files in /opt/airflow/dags
[2025-05-15T08:43:31.315+0000] {manager.py:726} INFO - Searching for files in /opt/airflow/dags
[2025-05-15T08:43:31.315+0000] {manager.py:729} INFO - There are 0 files in /opt/airflow/dags
[2025-05-15T08:48:31.349+0000] {manager.py:726} INFO - Searching for files in /opt/airflow/dags
[2025-05-15T08:48:31.349+0000] {manager.py:729} INFO - There are 0 files in /opt/airflow/dags
[2025-05-15T08:53:31.433+0000] {manager.py:726} INFO - Searching for files in /opt/airflow/dags
[2025-05-15T08:53:31.434+0000] {manager.py:729} INFO - There are 0 files in /opt/airflow/dags
[2025-05-15T08:58:31.477+0000] {manager.py:726} INFO - Searching for files in /opt/airflow/dags
[2025-05-15T08:58:31.477+0000] {manager.py:729} INFO - There are 1 files in /opt/airflow/dags
[2025-05-15T08:58:38.520+0000] {manager.py:851} INFO - 
================================================================================
DAG File Processing Stats

File Path                        PID    Runtime      # DAGs    # Errors  Last Runtime    Last Run
-------------------------------  -----  ---------  --------  ----------  --------------  -------------------
/opt/airflow/dags/load_sales.py                           1           0  1.25s           2025-05-15T08:58:32
================================================================================
[2025-05-15T08:59:08.854+0000] {manager.py:851} INFO - 
================================================================================
DAG File Processing Stats

File Path                        PID    Runtime      # DAGs    # Errors  Last Runtime    Last Run
-------------------------------  -----  ---------  --------  ----------  --------------  -------------------
/opt/airflow/dags/load_sales.py                           1           0  0.28s           2025-05-15T08:59:03
================================================================================
[2025-05-15T08:59:39.229+0000] {manager.py:851} INFO - 
================================================================================
DAG File Processing Stats

File Path                        PID    Runtime      # DAGs    # Errors  Last Runtime    Last Run
-------------------------------  -----  ---------  --------  ----------  --------------  -------------------
/opt/airflow/dags/load_sales.py                           1           0  0.40s           2025-05-15T08:59:33
================================================================================
[2025-05-15T09:00:09.730+0000] {manager.py:851} INFO - 
================================================================================
DAG File Processing Stats

File Path                        PID    Runtime      # DAGs    # Errors  Last Runtime    Last Run
-------------------------------  -----  ---------  --------  ----------  --------------  -------------------
/opt/airflow/dags/load_sales.py                           1           0  0.41s           2025-05-15T09:00:04
================================================================================
[2025-05-15T09:00:40.236+0000] {manager.py:851} INFO - 
================================================================================
DAG File Processing Stats

File Path                        PID    Runtime      # DAGs    # Errors  Last Runtime    Last Run
-------------------------------  -----  ---------  --------  ----------  --------------  -------------------
/opt/airflow/dags/load_sales.py                           1           0  0.40s           2025-05-15T09:00:34
================================================================================
[2025-05-15T09:01:10.745+0000] {manager.py:851} INFO - 
================================================================================
DAG File Processing Stats

File Path                        PID    Runtime      # DAGs    # Errors  Last Runtime    Last Run
-------------------------------  -----  ---------  --------  ----------  --------------  -------------------
/opt/airflow/dags/load_sales.py                           1           0  0.45s           2025-05-15T09:01:05
================================================================================
[2025-05-15T09:01:41.294+0000] {manager.py:851} INFO - 
================================================================================
DAG File Processing Stats

File Path                        PID    Runtime      # DAGs    # Errors  Last Runtime    Last Run
-------------------------------  -----  ---------  --------  ----------  --------------  -------------------
/opt/airflow/dags/load_sales.py                           1           0  0.42s           2025-05-15T09:01:35
================================================================================
[2025-05-15T09:02:11.812+0000] {manager.py:851} INFO - 
================================================================================
DAG File Processing Stats

File Path                        PID    Runtime      # DAGs    # Errors  Last Runtime    Last Run
-------------------------------  -----  ---------  --------  ----------  --------------  -------------------
/opt/airflow/dags/load_sales.py                           1           0  0.33s           2025-05-15T09:02:06
================================================================================
[2025-05-15T09:02:42.238+0000] {manager.py:851} INFO - 
================================================================================
DAG File Processing Stats

File Path                        PID    Runtime      # DAGs    # Errors  Last Runtime    Last Run
-------------------------------  -----  ---------  --------  ----------  --------------  -------------------
/opt/airflow/dags/load_sales.py                           1           0  0.28s           2025-05-15T09:02:36
================================================================================
[2025-05-15T09:03:12.621+0000] {manager.py:851} INFO - 
================================================================================
DAG File Processing Stats

File Path                        PID    Runtime      # DAGs    # Errors  Last Runtime    Last Run
-------------------------------  -----  ---------  --------  ----------  --------------  -------------------
/opt/airflow/dags/load_sales.py                           1           0  0.41s           2025-05-15T09:03:07
================================================================================
[2025-05-15T09:03:31.684+0000] {manager.py:726} INFO - Searching for files in /opt/airflow/dags
[2025-05-15T09:03:31.686+0000] {manager.py:729} INFO - There are 1 files in /opt/airflow/dags
[2025-05-15T09:03:43.137+0000] {manager.py:851} INFO - 
================================================================================
DAG File Processing Stats

File Path                        PID    Runtime      # DAGs    # Errors  Last Runtime    Last Run
-------------------------------  -----  ---------  --------  ----------  --------------  -------------------
/opt/airflow/dags/load_sales.py                           1           0  0.41s           2025-05-15T09:03:37
================================================================================
[2025-05-15T09:04:13.645+0000] {manager.py:851} INFO - 
================================================================================
DAG File Processing Stats

File Path                        PID    Runtime      # DAGs    # Errors  Last Runtime    Last Run
-------------------------------  -----  ---------  --------  ----------  --------------  -------------------
/opt/airflow/dags/load_sales.py                           1           0  0.40s           2025-05-15T09:04:08
================================================================================
[2025-05-15T09:04:44.151+0000] {manager.py:851} INFO - 
================================================================================
DAG File Processing Stats

File Path                        PID    Runtime      # DAGs    # Errors  Last Runtime    Last Run
-------------------------------  -----  ---------  --------  ----------  --------------  -------------------
/opt/airflow/dags/load_sales.py                           1           0  0.40s           2025-05-15T09:04:38
================================================================================
[2025-05-15T09:05:14.651+0000] {manager.py:851} INFO - 
================================================================================
DAG File Processing Stats

File Path                        PID    Runtime      # DAGs    # Errors  Last Runtime    Last Run
-------------------------------  -----  ---------  --------  ----------  --------------  -------------------
/opt/airflow/dags/load_sales.py                           1           0  0.27s           2025-05-15T09:05:08
================================================================================
[2025-05-15T09:05:45.024+0000] {manager.py:851} INFO - 
================================================================================
DAG File Processing Stats

File Path                        PID    Runtime      # DAGs    # Errors  Last Runtime    Last Run
-------------------------------  -----  ---------  --------  ----------  --------------  -------------------
/opt/airflow/dags/load_sales.py                           1           0  0.29s           2025-05-15T09:05:39
================================================================================
[2025-05-15T09:06:15.407+0000] {manager.py:851} INFO - 
================================================================================
DAG File Processing Stats

File Path                        PID    Runtime      # DAGs    # Errors  Last Runtime    Last Run
-------------------------------  -----  ---------  --------  ----------  --------------  -------------------
/opt/airflow/dags/load_sales.py                           1           0  0.46s           2025-05-15T09:06:09
================================================================================
[2025-05-15T09:06:45.969+0000] {manager.py:851} INFO - 
================================================================================
DAG File Processing Stats

File Path                        PID    Runtime      # DAGs    # Errors  Last Runtime    Last Run
-------------------------------  -----  ---------  --------  ----------  --------------  -------------------
/opt/airflow/dags/load_sales.py                           1           0  0.41s           2025-05-15T09:06:40
================================================================================
[2025-05-15T09:07:16.478+0000] {manager.py:851} INFO - 
================================================================================
DAG File Processing Stats

File Path                        PID    Runtime      # DAGs    # Errors  Last Runtime    Last Run
-------------------------------  -----  ---------  --------  ----------  --------------  -------------------
/opt/airflow/dags/load_sales.py                           1           0  0.41s           2025-05-15T09:07:10
================================================================================
[2025-05-15T09:07:46.989+0000] {manager.py:851} INFO - 
================================================================================
DAG File Processing Stats

File Path                        PID    Runtime      # DAGs    # Errors  Last Runtime    Last Run
-------------------------------  -----  ---------  --------  ----------  --------------  -------------------
/opt/airflow/dags/load_sales.py                           1           0  0.46s           2025-05-15T09:07:41
================================================================================
[2025-05-15T09:08:17.547+0000] {manager.py:851} INFO - 
================================================================================
DAG File Processing Stats

File Path                        PID    Runtime      # DAGs    # Errors  Last Runtime    Last Run
-------------------------------  -----  ---------  --------  ----------  --------------  -------------------
/opt/airflow/dags/load_sales.py                           1           0  0.41s           2025-05-15T09:08:11
================================================================================
[2025-05-15T09:08:32.006+0000] {manager.py:726} INFO - Searching for files in /opt/airflow/dags
[2025-05-15T09:08:32.007+0000] {manager.py:729} INFO - There are 1 files in /opt/airflow/dags
[2025-05-15T09:08:48.073+0000] {manager.py:851} INFO - 
================================================================================
DAG File Processing Stats

File Path                        PID    Runtime      # DAGs    # Errors  Last Runtime    Last Run
-------------------------------  -----  ---------  --------  ----------  --------------  -------------------
/opt/airflow/dags/load_sales.py                           1           0  0.32s           2025-05-15T09:08:42
================================================================================
[2025-05-15T09:09:18.498+0000] {manager.py:851} INFO - 
================================================================================
DAG File Processing Stats

File Path                        PID    Runtime      # DAGs    # Errors  Last Runtime    Last Run
-------------------------------  -----  ---------  --------  ----------  --------------  -------------------
/opt/airflow/dags/load_sales.py                           1           0  0.28s           2025-05-15T09:09:12
================================================================================
[2025-05-15T09:09:48.874+0000] {manager.py:851} INFO - 
================================================================================
DAG File Processing Stats

File Path                        PID    Runtime      # DAGs    # Errors  Last Runtime    Last Run
-------------------------------  -----  ---------  --------  ----------  --------------  -------------------
/opt/airflow/dags/load_sales.py                           1           0  0.41s           2025-05-15T09:09:43
================================================================================
[2025-05-15T09:10:19.381+0000] {manager.py:851} INFO - 
================================================================================
DAG File Processing Stats

File Path                        PID    Runtime      # DAGs    # Errors  Last Runtime    Last Run
-------------------------------  -----  ---------  --------  ----------  --------------  -------------------
/opt/airflow/dags/load_sales.py                           1           0  0.40s           2025-05-15T09:10:13
================================================================================
[2025-05-15T09:10:49.878+0000] {manager.py:851} INFO - 
================================================================================
DAG File Processing Stats

File Path                        PID    Runtime      # DAGs    # Errors  Last Runtime    Last Run
-------------------------------  -----  ---------  --------  ----------  --------------  -------------------
/opt/airflow/dags/load_sales.py                           1           0  0.40s           2025-05-15T09:10:44
================================================================================
[2025-05-15T09:11:20.380+0000] {manager.py:851} INFO - 
================================================================================
DAG File Processing Stats

File Path                        PID    Runtime      # DAGs    # Errors  Last Runtime    Last Run
-------------------------------  -----  ---------  --------  ----------  --------------  -------------------
/opt/airflow/dags/load_sales.py                           1           0  0.42s           2025-05-15T09:11:14
================================================================================
[2025-05-15T09:11:50.895+0000] {manager.py:851} INFO - 
================================================================================
DAG File Processing Stats

File Path                        PID    Runtime      # DAGs    # Errors  Last Runtime    Last Run
-------------------------------  -----  ---------  --------  ----------  --------------  -------------------
/opt/airflow/dags/load_sales.py                           1           0  0.44s           2025-05-15T09:11:45
================================================================================
[2025-05-15T09:12:21.446+0000] {manager.py:851} INFO - 
================================================================================
DAG File Processing Stats

File Path                        PID    Runtime      # DAGs    # Errors  Last Runtime    Last Run
-------------------------------  -----  ---------  --------  ----------  --------------  -------------------
/opt/airflow/dags/load_sales.py                           1           0  0.27s           2025-05-15T09:12:15
================================================================================
[2025-05-15T09:12:51.811+0000] {manager.py:851} INFO - 
================================================================================
DAG File Processing Stats

File Path                        PID    Runtime      # DAGs    # Errors  Last Runtime    Last Run
-------------------------------  -----  ---------  --------  ----------  --------------  -------------------
/opt/airflow/dags/load_sales.py                           1           0  0.41s           2025-05-15T09:12:46
================================================================================
[2025-05-15T09:13:22.313+0000] {manager.py:851} INFO - 
================================================================================
DAG File Processing Stats

File Path                        PID    Runtime      # DAGs    # Errors  Last Runtime    Last Run
-------------------------------  -----  ---------  --------  ----------  --------------  -------------------
/opt/airflow/dags/load_sales.py                           1           0  0.40s           2025-05-15T09:13:16
================================================================================
[2025-05-15T09:13:32.347+0000] {manager.py:726} INFO - Searching for files in /opt/airflow/dags
[2025-05-15T09:13:32.348+0000] {manager.py:729} INFO - There are 1 files in /opt/airflow/dags
[2025-05-15T09:13:52.809+0000] {manager.py:851} INFO - 
================================================================================
DAG File Processing Stats

File Path                        PID    Runtime      # DAGs    # Errors  Last Runtime    Last Run
-------------------------------  -----  ---------  --------  ----------  --------------  -------------------
/opt/airflow/dags/load_sales.py                           1           0  0.41s           2025-05-15T09:13:47
================================================================================
[2025-05-15T09:14:23.314+0000] {manager.py:851} INFO - 
================================================================================
DAG File Processing Stats

File Path                        PID    Runtime      # DAGs    # Errors  Last Runtime    Last Run
-------------------------------  -----  ---------  --------  ----------  --------------  -------------------
/opt/airflow/dags/load_sales.py                           1           0  0.39s           2025-05-15T09:14:17
================================================================================
[2025-05-15T09:14:53.800+0000] {manager.py:851} INFO - 
================================================================================
DAG File Processing Stats

File Path                        PID    Runtime      # DAGs    # Errors  Last Runtime    Last Run
-------------------------------  -----  ---------  --------  ----------  --------------  -------------------
/opt/airflow/dags/load_sales.py                           1           0  0.40s           2025-05-15T09:14:48
================================================================================
[2025-05-15T09:15:24.298+0000] {manager.py:851} INFO - 
================================================================================
DAG File Processing Stats

File Path                        PID    Runtime      # DAGs    # Errors  Last Runtime    Last Run
-------------------------------  -----  ---------  --------  ----------  --------------  -------------------
/opt/airflow/dags/load_sales.py                           1           0  0.29s           2025-05-15T09:15:18
================================================================================
[2025-05-15T09:15:54.675+0000] {manager.py:851} INFO - 
================================================================================
DAG File Processing Stats

File Path                        PID    Runtime      # DAGs    # Errors  Last Runtime    Last Run
-------------------------------  -----  ---------  --------  ----------  --------------  -------------------
/opt/airflow/dags/load_sales.py                           1           0  0.31s           2025-05-15T09:15:48
================================================================================
[2025-05-15T09:16:25.078+0000] {manager.py:851} INFO - 
================================================================================
DAG File Processing Stats

File Path                        PID    Runtime      # DAGs    # Errors  Last Runtime    Last Run
-------------------------------  -----  ---------  --------  ----------  --------------  -------------------
/opt/airflow/dags/load_sales.py                           1           0  0.39s           2025-05-15T09:16:19
================================================================================
[2025-05-15T09:16:55.571+0000] {manager.py:851} INFO - 
================================================================================
DAG File Processing Stats

File Path                        PID    Runtime      # DAGs    # Errors  Last Runtime    Last Run
-------------------------------  -----  ---------  --------  ----------  --------------  -------------------
/opt/airflow/dags/load_sales.py                           1           0  0.43s           2025-05-15T09:16:49
================================================================================
[2025-05-15T09:17:25.641+0000] {manager.py:851} INFO - 
================================================================================
DAG File Processing Stats

File Path                        PID    Runtime      # DAGs    # Errors  Last Runtime    Last Run
-------------------------------  -----  ---------  --------  ----------  --------------  -------------------
/opt/airflow/dags/load_sales.py                           1           0  0.54s           2025-05-15T09:17:20
================================================================================
[2025-05-15T09:17:56.203+0000] {manager.py:851} INFO - 
================================================================================
DAG File Processing Stats

File Path                        PID    Runtime      # DAGs    # Errors  Last Runtime    Last Run
-------------------------------  -----  ---------  --------  ----------  --------------  -------------------
/opt/airflow/dags/load_sales.py                           1           0  0.48s           2025-05-15T09:17:51
================================================================================
[2025-05-15T09:18:26.326+0000] {manager.py:851} INFO - 
================================================================================
DAG File Processing Stats

File Path                        PID    Runtime      # DAGs    # Errors  Last Runtime    Last Run
-------------------------------  -----  ---------  --------  ----------  --------------  -------------------
/opt/airflow/dags/load_sales.py                           1           0  0.49s           2025-05-15T09:18:21
================================================================================
[2025-05-15T09:18:32.827+0000] {manager.py:726} INFO - Searching for files in /opt/airflow/dags
[2025-05-15T09:18:32.828+0000] {manager.py:729} INFO - There are 1 files in /opt/airflow/dags
[2025-05-15T09:18:56.924+0000] {manager.py:851} INFO - 
================================================================================
DAG File Processing Stats

File Path                        PID    Runtime      # DAGs    # Errors  Last Runtime    Last Run
-------------------------------  -----  ---------  --------  ----------  --------------  -------------------
/opt/airflow/dags/load_sales.py                           1           0  0.29s           2025-05-15T09:18:52
================================================================================
[2025-05-15T09:19:27.312+0000] {manager.py:851} INFO - 
================================================================================
DAG File Processing Stats

File Path                        PID    Runtime      # DAGs    # Errors  Last Runtime    Last Run
-------------------------------  -----  ---------  --------  ----------  --------------  -------------------
/opt/airflow/dags/load_sales.py                           1           0  0.40s           2025-05-15T09:19:22
================================================================================
[2025-05-15T09:19:57.810+0000] {manager.py:851} INFO - 
================================================================================
DAG File Processing Stats

File Path                        PID    Runtime      # DAGs    # Errors  Last Runtime    Last Run
-------------------------------  -----  ---------  --------  ----------  --------------  -------------------
/opt/airflow/dags/load_sales.py                           1           0  0.42s           2025-05-15T09:19:53
================================================================================
[2025-05-15T09:20:28.328+0000] {manager.py:851} INFO - 
================================================================================
DAG File Processing Stats

File Path                        PID    Runtime      # DAGs    # Errors  Last Runtime    Last Run
-------------------------------  -----  ---------  --------  ----------  --------------  -------------------
/opt/airflow/dags/load_sales.py                           1           0  0.40s           2025-05-15T09:20:23
================================================================================
[2025-05-15T09:20:58.835+0000] {manager.py:851} INFO - 
================================================================================
DAG File Processing Stats

File Path                        PID    Runtime      # DAGs    # Errors  Last Runtime    Last Run
-------------------------------  -----  ---------  --------  ----------  --------------  -------------------
/opt/airflow/dags/load_sales.py                           1           0  0.40s           2025-05-15T09:20:54
================================================================================
[2025-05-15T09:21:29.335+0000] {manager.py:851} INFO - 
================================================================================
DAG File Processing Stats

File Path                        PID    Runtime      # DAGs    # Errors  Last Runtime    Last Run
-------------------------------  -----  ---------  --------  ----------  --------------  -------------------
/opt/airflow/dags/load_sales.py                           1           0  0.40s           2025-05-15T09:21:24
================================================================================
[2025-05-15T09:21:59.846+0000] {manager.py:851} INFO - 
================================================================================
DAG File Processing Stats

File Path                        PID    Runtime      # DAGs    # Errors  Last Runtime    Last Run
-------------------------------  -----  ---------  --------  ----------  --------------  -------------------
/opt/airflow/dags/load_sales.py                           1           0  0.28s           2025-05-15T09:21:55
================================================================================
[2025-05-15T09:22:30.223+0000] {manager.py:851} INFO - 
================================================================================
DAG File Processing Stats

File Path                        PID    Runtime      # DAGs    # Errors  Last Runtime    Last Run
-------------------------------  -----  ---------  --------  ----------  --------------  -------------------
/opt/airflow/dags/load_sales.py                           1           0  0.29s           2025-05-15T09:22:25
================================================================================
[2025-05-15T09:23:00.607+0000] {manager.py:851} INFO - 
================================================================================
DAG File Processing Stats

File Path                        PID    Runtime      # DAGs    # Errors  Last Runtime    Last Run
-------------------------------  -----  ---------  --------  ----------  --------------  -------------------
/opt/airflow/dags/load_sales.py                           1           0  0.45s           2025-05-15T09:22:56
================================================================================
[2025-05-15T09:23:31.162+0000] {manager.py:851} INFO - 
================================================================================
DAG File Processing Stats

File Path                        PID    Runtime      # DAGs    # Errors  Last Runtime    Last Run
-------------------------------  -----  ---------  --------  ----------  --------------  -------------------
/opt/airflow/dags/load_sales.py                           1           0  0.44s           2025-05-15T09:23:26
================================================================================
[2025-05-15T09:23:33.170+0000] {manager.py:726} INFO - Searching for files in /opt/airflow/dags
[2025-05-15T09:23:33.171+0000] {manager.py:729} INFO - There are 1 files in /opt/airflow/dags
[2025-05-15T09:24:01.712+0000] {manager.py:851} INFO - 
================================================================================
DAG File Processing Stats

File Path                        PID    Runtime      # DAGs    # Errors  Last Runtime    Last Run
-------------------------------  -----  ---------  --------  ----------  --------------  -------------------
/opt/airflow/dags/load_sales.py                           1           0  0.42s           2025-05-15T09:23:57
================================================================================
[2025-05-15T09:24:32.235+0000] {manager.py:851} INFO - 
================================================================================
DAG File Processing Stats

File Path                        PID    Runtime      # DAGs    # Errors  Last Runtime    Last Run
-------------------------------  -----  ---------  --------  ----------  --------------  -------------------
/opt/airflow/dags/load_sales.py                           1           0  0.44s           2025-05-15T09:24:27
================================================================================
[2025-05-15T09:25:02.773+0000] {manager.py:851} INFO - 
================================================================================
DAG File Processing Stats

File Path                        PID    Runtime      # DAGs    # Errors  Last Runtime    Last Run
-------------------------------  -----  ---------  --------  ----------  --------------  -------------------
/opt/airflow/dags/load_sales.py                           1           0  0.41s           2025-05-15T09:24:58
================================================================================
[2025-05-15T09:25:33.284+0000] {manager.py:851} INFO - 
================================================================================
DAG File Processing Stats

File Path                        PID    Runtime      # DAGs    # Errors  Last Runtime    Last Run
-------------------------------  -----  ---------  --------  ----------  --------------  -------------------
/opt/airflow/dags/load_sales.py                           1           0  0.30s           2025-05-15T09:25:28
================================================================================
[2025-05-15T09:26:03.679+0000] {manager.py:851} INFO - 
================================================================================
DAG File Processing Stats

File Path                        PID    Runtime      # DAGs    # Errors  Last Runtime    Last Run
-------------------------------  -----  ---------  --------  ----------  --------------  -------------------
/opt/airflow/dags/load_sales.py                           1           0  0.45s           2025-05-15T09:25:59
================================================================================
[2025-05-15T09:26:34.240+0000] {manager.py:851} INFO - 
================================================================================
DAG File Processing Stats

File Path                        PID    Runtime      # DAGs    # Errors  Last Runtime    Last Run
-------------------------------  -----  ---------  --------  ----------  --------------  -------------------
/opt/airflow/dags/load_sales.py                           1           0  0.44s           2025-05-15T09:26:29
================================================================================
[2025-05-15T09:27:04.782+0000] {manager.py:851} INFO - 
================================================================================
DAG File Processing Stats

File Path                        PID    Runtime      # DAGs    # Errors  Last Runtime    Last Run
-------------------------------  -----  ---------  --------  ----------  --------------  -------------------
/opt/airflow/dags/load_sales.py                           1           0  0.45s           2025-05-15T09:27:00
================================================================================
[2025-05-15T09:27:35.333+0000] {manager.py:851} INFO - 
================================================================================
DAG File Processing Stats

File Path                        PID    Runtime      # DAGs    # Errors  Last Runtime    Last Run
-------------------------------  -----  ---------  --------  ----------  --------------  -------------------
/opt/airflow/dags/load_sales.py                           1           0  0.44s           2025-05-15T09:27:30
================================================================================
[2025-05-15T09:28:05.872+0000] {manager.py:851} INFO - 
================================================================================
DAG File Processing Stats

File Path                        PID    Runtime      # DAGs    # Errors  Last Runtime    Last Run
-------------------------------  -----  ---------  --------  ----------  --------------  -------------------
/opt/airflow/dags/load_sales.py                           1           0  0.46s           2025-05-15T09:28:01
================================================================================
[2025-05-15T09:28:33.426+0000] {manager.py:726} INFO - Searching for files in /opt/airflow/dags
[2025-05-15T09:28:33.428+0000] {manager.py:729} INFO - There are 1 files in /opt/airflow/dags
[2025-05-15T09:28:35.936+0000] {manager.py:851} INFO - 
================================================================================
DAG File Processing Stats

File Path                        PID    Runtime      # DAGs    # Errors  Last Runtime    Last Run
-------------------------------  -----  ---------  --------  ----------  --------------  -------------------
/opt/airflow/dags/load_sales.py                           1           0  0.50s           2025-05-15T09:28:31
================================================================================
[2025-05-15T09:28:55.915+0000] {manager.py:465} INFO - Exiting gracefully upon receiving signal 15
[2025-05-15T09:30:42.805+0000] {manager.py:483} INFO - Processing files using up to 2 processes at a time 
[2025-05-15T09:30:42.807+0000] {manager.py:484} INFO - Process each file at most once every 30 seconds
[2025-05-15T09:30:42.807+0000] {manager.py:486} INFO - Checking for new files in /opt/airflow/dags every 300 seconds
[2025-05-15T09:30:42.808+0000] {manager.py:726} INFO - Searching for files in /opt/airflow/dags
[2025-05-15T09:30:42.812+0000] {manager.py:729} INFO - There are 1 files in /opt/airflow/dags
[2025-05-15T09:30:42.986+0000] {manager.py:851} INFO - 
================================================================================
DAG File Processing Stats

File Path                          PID  Runtime      # DAGs    # Errors  Last Runtime    Last Run
-------------------------------  -----  ---------  --------  ----------  --------------  ----------
/opt/airflow/dags/load_sales.py    163  0.05s             0           0
================================================================================
[2025-05-15T09:31:13.189+0000] {manager.py:851} INFO - 
================================================================================
DAG File Processing Stats

File Path                        PID    Runtime      # DAGs    # Errors  Last Runtime    Last Run
-------------------------------  -----  ---------  --------  ----------  --------------  -------------------
/opt/airflow/dags/load_sales.py                           1           0  2.58s           2025-05-15T09:30:45
================================================================================
[2025-05-15T09:31:43.348+0000] {manager.py:851} INFO - 
================================================================================
DAG File Processing Stats

File Path                        PID    Runtime      # DAGs    # Errors  Last Runtime    Last Run
-------------------------------  -----  ---------  --------  ----------  --------------  -------------------
/opt/airflow/dags/load_sales.py                           1           0  0.59s           2025-05-15T09:31:16
================================================================================
[2025-05-15T09:32:13.516+0000] {manager.py:851} INFO - 
================================================================================
DAG File Processing Stats

File Path                        PID    Runtime      # DAGs    # Errors  Last Runtime    Last Run
-------------------------------  -----  ---------  --------  ----------  --------------  -------------------
/opt/airflow/dags/load_sales.py                           1           0  0.31s           2025-05-15T09:31:46
================================================================================
[2025-05-15T09:32:43.860+0000] {manager.py:851} INFO - 
================================================================================
DAG File Processing Stats

File Path                        PID    Runtime      # DAGs    # Errors  Last Runtime    Last Run
-------------------------------  -----  ---------  --------  ----------  --------------  -------------------
/opt/airflow/dags/load_sales.py                           1           0  0.45s           2025-05-15T09:32:17
================================================================================
[2025-05-15T09:33:13.971+0000] {manager.py:851} INFO - 
================================================================================
DAG File Processing Stats

File Path                        PID    Runtime      # DAGs    # Errors  Last Runtime    Last Run
-------------------------------  -----  ---------  --------  ----------  --------------  -------------------
/opt/airflow/dags/load_sales.py                           1           0  0.56s           2025-05-15T09:32:47
================================================================================
[2025-05-15T09:33:44.091+0000] {manager.py:851} INFO - 
================================================================================
DAG File Processing Stats

File Path                        PID    Runtime      # DAGs    # Errors  Last Runtime    Last Run
-------------------------------  -----  ---------  --------  ----------  --------------  -------------------
/opt/airflow/dags/load_sales.py                           1           0  0.44s           2025-05-15T09:33:18
================================================================================
[2025-05-15T09:34:14.622+0000] {manager.py:851} INFO - 
================================================================================
DAG File Processing Stats

File Path                        PID    Runtime      # DAGs    # Errors  Last Runtime    Last Run
-------------------------------  -----  ---------  --------  ----------  --------------  -------------------
/opt/airflow/dags/load_sales.py                           1           0  0.45s           2025-05-15T09:33:48
================================================================================
[2025-05-15T09:34:45.184+0000] {manager.py:851} INFO - 
================================================================================
DAG File Processing Stats

File Path                        PID    Runtime      # DAGs    # Errors  Last Runtime    Last Run
-------------------------------  -----  ---------  --------  ----------  --------------  -------------------
/opt/airflow/dags/load_sales.py                           1           0  0.34s           2025-05-15T09:34:19
================================================================================
[2025-05-15T09:35:15.619+0000] {manager.py:851} INFO - 
================================================================================
DAG File Processing Stats

File Path                        PID    Runtime      # DAGs    # Errors  Last Runtime    Last Run
-------------------------------  -----  ---------  --------  ----------  --------------  -------------------
/opt/airflow/dags/load_sales.py                           1           0  0.29s           2025-05-15T09:34:49
================================================================================
[2025-05-15T09:35:43.001+0000] {manager.py:726} INFO - Searching for files in /opt/airflow/dags
[2025-05-15T09:35:43.003+0000] {manager.py:729} INFO - There are 1 files in /opt/airflow/dags
[2025-05-15T09:35:46.022+0000] {manager.py:851} INFO - 
================================================================================
DAG File Processing Stats

File Path                        PID    Runtime      # DAGs    # Errors  Last Runtime    Last Run
-------------------------------  -----  ---------  --------  ----------  --------------  -------------------
/opt/airflow/dags/load_sales.py                           1           0  0.29s           2025-05-15T09:35:20
================================================================================
[2025-05-15T09:36:16.402+0000] {manager.py:851} INFO - 
================================================================================
DAG File Processing Stats

File Path                        PID    Runtime      # DAGs    # Errors  Last Runtime    Last Run
-------------------------------  -----  ---------  --------  ----------  --------------  -------------------
/opt/airflow/dags/load_sales.py                           1           0  0.43s           2025-05-15T09:35:50
================================================================================
[2025-05-15T09:36:46.947+0000] {manager.py:851} INFO - 
================================================================================
DAG File Processing Stats

File Path                        PID    Runtime      # DAGs    # Errors  Last Runtime    Last Run
-------------------------------  -----  ---------  --------  ----------  --------------  -------------------
/opt/airflow/dags/load_sales.py                           1           0  0.45s           2025-05-15T09:36:21
================================================================================
[2025-05-15T09:37:17.013+0000] {manager.py:851} INFO - 
================================================================================
DAG File Processing Stats

File Path                        PID    Runtime      # DAGs    # Errors  Last Runtime    Last Run
-------------------------------  -----  ---------  --------  ----------  --------------  -------------------
/opt/airflow/dags/load_sales.py                           1           0  0.50s           2025-05-15T09:36:51
================================================================================
[2025-05-15T09:37:47.134+0000] {manager.py:851} INFO - 
================================================================================
DAG File Processing Stats

File Path                        PID    Runtime      # DAGs    # Errors  Last Runtime    Last Run
-------------------------------  -----  ---------  --------  ----------  --------------  -------------------
/opt/airflow/dags/load_sales.py                           1           0  0.43s           2025-05-15T09:37:22
================================================================================
[2025-05-15T09:38:17.663+0000] {manager.py:851} INFO - 
================================================================================
DAG File Processing Stats

File Path                        PID    Runtime      # DAGs    # Errors  Last Runtime    Last Run
-------------------------------  -----  ---------  --------  ----------  --------------  -------------------
/opt/airflow/dags/load_sales.py                           1           0  0.30s           2025-05-15T09:37:52
================================================================================
[2025-05-15T09:38:48.049+0000] {manager.py:851} INFO - 
================================================================================
DAG File Processing Stats

File Path                        PID    Runtime      # DAGs    # Errors  Last Runtime    Last Run
-------------------------------  -----  ---------  --------  ----------  --------------  -------------------
/opt/airflow/dags/load_sales.py                           1           0  0.29s           2025-05-15T09:38:23
================================================================================
[2025-05-15T09:39:18.947+0000] {manager.py:851} INFO - 
================================================================================
DAG File Processing Stats

File Path                        PID    Runtime      # DAGs    # Errors  Last Runtime    Last Run
-------------------------------  -----  ---------  --------  ----------  --------------  -------------------
/opt/airflow/dags/load_sales.py                           1           0  0.29s           2025-05-15T09:38:53
================================================================================
[2025-05-15T09:39:49.507+0000] {manager.py:851} INFO - 
================================================================================
DAG File Processing Stats

File Path                        PID    Runtime      # DAGs    # Errors  Last Runtime    Last Run
-------------------------------  -----  ---------  --------  ----------  --------------  -------------------
/opt/airflow/dags/load_sales.py                           1           0  5.41s           2025-05-15T09:39:44
================================================================================
[2025-05-15T09:40:20.173+0000] {manager.py:851} INFO - 
================================================================================
DAG File Processing Stats

File Path                        PID    Runtime      # DAGs    # Errors  Last Runtime    Last Run
-------------------------------  -----  ---------  --------  ----------  --------------  -------------------
/opt/airflow/dags/load_sales.py                           1           0  7.85s           2025-05-15T09:40:20
================================================================================
[2025-05-15T09:40:43.432+0000] {manager.py:726} INFO - Searching for files in /opt/airflow/dags
[2025-05-15T09:40:43.658+0000] {manager.py:729} INFO - There are 1 files in /opt/airflow/dags
[2025-05-15T09:40:51.006+0000] {manager.py:851} INFO - 
================================================================================
DAG File Processing Stats

File Path                          PID  Runtime      # DAGs    # Errors  Last Runtime    Last Run
-------------------------------  -----  ---------  --------  ----------  --------------  -------------------
/opt/airflow/dags/load_sales.py    398  5.24s             1           0  7.64s           2025-05-15T09:40:41
================================================================================
[2025-05-15T09:41:21.036+0000] {manager.py:851} INFO - 
================================================================================
DAG File Processing Stats

File Path                          PID  Runtime      # DAGs    # Errors  Last Runtime    Last Run
-------------------------------  -----  ---------  --------  ----------  --------------  -------------------
/opt/airflow/dags/load_sales.py    422  2.35s             1           0  4.02s           2025-05-15T09:41:11
================================================================================
[2025-05-15T09:41:51.614+0000] {manager.py:851} INFO - 
================================================================================
DAG File Processing Stats

File Path                        PID    Runtime      # DAGs    # Errors  Last Runtime    Last Run
-------------------------------  -----  ---------  --------  ----------  --------------  -------------------
/opt/airflow/dags/load_sales.py                           1           0  4.53s           2025-05-15T09:41:43
================================================================================
[2025-05-15T09:42:22.207+0000] {manager.py:851} INFO - 
================================================================================
DAG File Processing Stats

File Path                        PID    Runtime      # DAGs    # Errors  Last Runtime    Last Run
-------------------------------  -----  ---------  --------  ----------  --------------  -------------------
/opt/airflow/dags/load_sales.py                           1           0  4.38s           2025-05-15T09:42:18
================================================================================
[2025-05-15T09:42:52.515+0000] {manager.py:851} INFO - 
================================================================================
DAG File Processing Stats

File Path                        PID    Runtime      # DAGs    # Errors  Last Runtime    Last Run
-------------------------------  -----  ---------  --------  ----------  --------------  -------------------
/opt/airflow/dags/load_sales.py                           1           0  5.23s           2025-05-15T09:42:49
================================================================================
[2025-05-15T09:43:23.091+0000] {manager.py:851} INFO - 
================================================================================
DAG File Processing Stats

File Path                        PID    Runtime      # DAGs    # Errors  Last Runtime    Last Run
-------------------------------  -----  ---------  --------  ----------  --------------  -------------------
/opt/airflow/dags/load_sales.py                           1           0  4.57s           2025-05-15T09:43:21
================================================================================
[2025-05-15T09:43:53.423+0000] {manager.py:851} INFO - 
================================================================================
DAG File Processing Stats

File Path                          PID  Runtime      # DAGs    # Errors  Last Runtime    Last Run
-------------------------------  -----  ---------  --------  ----------  --------------  -------------------
/opt/airflow/dags/load_sales.py    563  3.14s             1           0  7.96s           2025-05-15T09:43:47
================================================================================
[2025-05-15T09:44:23.814+0000] {manager.py:851} INFO - 
================================================================================
DAG File Processing Stats

File Path                          PID  Runtime      # DAGs    # Errors  Last Runtime    Last Run
-------------------------------  -----  ---------  --------  ----------  --------------  -------------------
/opt/airflow/dags/load_sales.py    598  1.14s             1           0  5.52s           2025-05-15T09:44:17
================================================================================
[2025-05-15T09:44:53.849+0000] {manager.py:851} INFO - 
================================================================================
DAG File Processing Stats

File Path                        PID    Runtime      # DAGs    # Errors  Last Runtime    Last Run
-------------------------------  -----  ---------  --------  ----------  --------------  -------------------
/opt/airflow/dags/load_sales.py                           1           0  3.09s           2025-05-15T09:44:46
================================================================================
[2025-05-15T09:45:23.996+0000] {manager.py:851} INFO - 
================================================================================
DAG File Processing Stats

File Path                        PID    Runtime      # DAGs    # Errors  Last Runtime    Last Run
-------------------------------  -----  ---------  --------  ----------  --------------  -------------------
/opt/airflow/dags/load_sales.py                           1           0  2.14s           2025-05-15T09:45:06
================================================================================
[2025-05-15T09:45:43.511+0000] {manager.py:726} INFO - Searching for files in /opt/airflow/dags
[2025-05-15T09:45:43.587+0000] {manager.py:729} INFO - There are 1 files in /opt/airflow/dags
[2025-05-15T09:45:54.320+0000] {manager.py:851} INFO - 
================================================================================
DAG File Processing Stats

File Path                          PID  Runtime      # DAGs    # Errors  Last Runtime    Last Run
-------------------------------  -----  ---------  --------  ----------  --------------  -------------------
/opt/airflow/dags/load_sales.py    688  5.25s             1           0  5.97s           2025-05-15T09:45:43
================================================================================
[2025-05-15T09:46:24.820+0000] {manager.py:851} INFO - 
================================================================================
DAG File Processing Stats

File Path                          PID  Runtime      # DAGs    # Errors  Last Runtime    Last Run
-------------------------------  -----  ---------  --------  ----------  --------------  -------------------
/opt/airflow/dags/load_sales.py    726  2.21s             1           0  5.03s           2025-05-15T09:46:15
================================================================================
[2025-05-15T09:46:55.163+0000] {manager.py:851} INFO - 
================================================================================
DAG File Processing Stats

File Path                          PID  Runtime      # DAGs    # Errors  Last Runtime    Last Run
-------------------------------  -----  ---------  --------  ----------  --------------  -------------------
/opt/airflow/dags/load_sales.py    761  1.12s             1           0  6.21s           2025-05-15T09:46:50
================================================================================
[2025-05-15T09:47:25.787+0000] {manager.py:851} INFO - 
================================================================================
DAG File Processing Stats

File Path                        PID    Runtime      # DAGs    # Errors  Last Runtime    Last Run
-------------------------------  -----  ---------  --------  ----------  --------------  -------------------
/opt/airflow/dags/load_sales.py                           1           0  6.90s           2025-05-15T09:47:22
================================================================================
[2025-05-15T09:47:56.509+0000] {manager.py:851} INFO - 
================================================================================
DAG File Processing Stats

File Path                        PID    Runtime      # DAGs    # Errors  Last Runtime    Last Run
-------------------------------  -----  ---------  --------  ----------  --------------  -------------------
/opt/airflow/dags/load_sales.py                           1           0  4.10s           2025-05-15T09:47:52
================================================================================
[2025-05-15T09:48:26.595+0000] {manager.py:851} INFO - 
================================================================================
DAG File Processing Stats

File Path                        PID    Runtime      # DAGs    # Errors  Last Runtime    Last Run
-------------------------------  -----  ---------  --------  ----------  --------------  -------------------
/opt/airflow/dags/load_sales.py                           1           0  2.35s           2025-05-15T09:48:11
================================================================================
[2025-05-15T09:48:56.999+0000] {manager.py:851} INFO - 
================================================================================
DAG File Processing Stats

File Path                          PID  Runtime      # DAGs    # Errors  Last Runtime    Last Run
-------------------------------  -----  ---------  --------  ----------  --------------  -------------------
/opt/airflow/dags/load_sales.py    891  5.15s             1           0  3.98s           2025-05-15T09:48:44
================================================================================
[2025-05-15T09:49:27.599+0000] {manager.py:851} INFO - 
================================================================================
DAG File Processing Stats

File Path                        PID    Runtime      # DAGs    # Errors  Last Runtime    Last Run
-------------------------------  -----  ---------  --------  ----------  --------------  -------------------
/opt/airflow/dags/load_sales.py                           1           0  3.72s           2025-05-15T09:49:27
================================================================================
[2025-05-15T09:49:57.854+0000] {manager.py:851} INFO - 
================================================================================
DAG File Processing Stats

File Path                          PID  Runtime      # DAGs    # Errors  Last Runtime    Last Run
-------------------------------  -----  ---------  --------  ----------  --------------  -------------------
/opt/airflow/dags/load_sales.py    962  1.12s             1           0  5.69s           2025-05-15T09:49:51
================================================================================
[2025-05-15T09:50:28.671+0000] {manager.py:851} INFO - 
================================================================================
DAG File Processing Stats

File Path                          PID  Runtime      # DAGs    # Errors  Last Runtime    Last Run
-------------------------------  -----  ---------  --------  ----------  --------------  -------------------
/opt/airflow/dags/load_sales.py    986  1.05s             1           0  4.08s           2025-05-15T09:50:21
================================================================================
[2025-05-15T09:50:43.976+0000] {manager.py:726} INFO - Searching for files in /opt/airflow/dags
[2025-05-15T09:50:43.983+0000] {manager.py:729} INFO - There are 1 files in /opt/airflow/dags
[2025-05-15T09:50:58.767+0000] {manager.py:851} INFO - 
================================================================================
DAG File Processing Stats

File Path                          PID  Runtime      # DAGs    # Errors  Last Runtime    Last Run
-------------------------------  -----  ---------  --------  ----------  --------------  -------------------
/opt/airflow/dags/load_sales.py   1015  0.05s             1           0  3.23s           2025-05-15T09:50:41
================================================================================
[2025-05-15T09:51:29.122+0000] {manager.py:851} INFO - 
================================================================================
DAG File Processing Stats

File Path                        PID    Runtime      # DAGs    # Errors  Last Runtime    Last Run
-------------------------------  -----  ---------  --------  ----------  --------------  -------------------
/opt/airflow/dags/load_sales.py                           1           0  5.45s           2025-05-15T09:51:26
================================================================================
[2025-05-15T09:51:59.271+0000] {manager.py:851} INFO - 
================================================================================
DAG File Processing Stats

File Path                        PID    Runtime      # DAGs    # Errors  Last Runtime    Last Run
-------------------------------  -----  ---------  --------  ----------  --------------  -------------------
/opt/airflow/dags/load_sales.py                           0           1  1.96s           2025-05-15T09:51:58
================================================================================
[2025-05-15T09:52:29.417+0000] {manager.py:851} INFO - 
================================================================================
DAG File Processing Stats

File Path                        PID    Runtime      # DAGs    # Errors  Last Runtime    Last Run
-------------------------------  -----  ---------  --------  ----------  --------------  -------------------
/opt/airflow/dags/load_sales.py                           0           1  1.64s           2025-05-15T09:52:15
================================================================================
[2025-05-15T09:52:49.382+0000] {manager.py:520} INFO - DAG load_sales_csv is missing and will be deactivated.
[2025-05-15T09:52:49.404+0000] {manager.py:530} INFO - Deactivated 1 DAGs which are no longer present in file.
[2025-05-15T09:52:49.780+0000] {manager.py:534} INFO - Deleted DAG load_sales_csv in serialized_dag table
[2025-05-15T09:52:59.900+0000] {manager.py:851} INFO - 
================================================================================
DAG File Processing Stats

File Path                        PID    Runtime      # DAGs    # Errors  Last Runtime    Last Run
-------------------------------  -----  ---------  --------  ----------  --------------  -------------------
/opt/airflow/dags/load_sales.py                           0           1  2.29s           2025-05-15T09:52:36
================================================================================
[2025-05-15T09:53:30.099+0000] {manager.py:851} INFO - 
================================================================================
DAG File Processing Stats

File Path                        PID    Runtime      # DAGs    # Errors  Last Runtime    Last Run
-------------------------------  -----  ---------  --------  ----------  --------------  -------------------
/opt/airflow/dags/load_sales.py                           0           1  1.09s           2025-05-15T09:53:08
================================================================================
[2025-05-15T09:53:45.032+0000] {manager.py:465} INFO - Exiting gracefully upon receiving signal 15
[2025-05-15T10:18:08.865+0000] {manager.py:483} INFO - Processing files using up to 2 processes at a time 
[2025-05-15T10:18:08.880+0000] {manager.py:484} INFO - Process each file at most once every 30 seconds
[2025-05-15T10:18:08.881+0000] {manager.py:486} INFO - Checking for new files in /opt/airflow/dags every 300 seconds
[2025-05-15T10:18:08.882+0000] {manager.py:726} INFO - Searching for files in /opt/airflow/dags
[2025-05-15T10:18:08.889+0000] {manager.py:729} INFO - There are 1 files in /opt/airflow/dags
[2025-05-15T10:18:09.105+0000] {manager.py:851} INFO - 
================================================================================
DAG File Processing Stats

File Path                          PID  Runtime      # DAGs    # Errors  Last Runtime    Last Run
-------------------------------  -----  ---------  --------  ----------  --------------  ----------
/opt/airflow/dags/load_sales.py    163  0.07s             0           0
================================================================================
[2025-05-15T10:18:39.317+0000] {manager.py:851} INFO - 
================================================================================
DAG File Processing Stats

File Path                        PID    Runtime      # DAGs    # Errors  Last Runtime    Last Run
-------------------------------  -----  ---------  --------  ----------  --------------  -------------------
/opt/airflow/dags/load_sales.py                           0           1  2.73s           2025-05-15T10:18:11
================================================================================
[2025-05-15T10:19:10.027+0000] {manager.py:851} INFO - 
================================================================================
DAG File Processing Stats

File Path                        PID    Runtime      # DAGs    # Errors  Last Runtime    Last Run
-------------------------------  -----  ---------  --------  ----------  --------------  -------------------
/opt/airflow/dags/load_sales.py                           0           1  0.26s           2025-05-15T10:18:42
================================================================================
[2025-05-15T10:19:40.387+0000] {manager.py:851} INFO - 
================================================================================
DAG File Processing Stats

File Path                        PID    Runtime      # DAGs    # Errors  Last Runtime    Last Run
-------------------------------  -----  ---------  --------  ----------  --------------  -------------------
/opt/airflow/dags/load_sales.py                           0           1  0.24s           2025-05-15T10:19:12
================================================================================
[2025-05-15T10:20:10.721+0000] {manager.py:851} INFO - 
================================================================================
DAG File Processing Stats

File Path                        PID    Runtime      # DAGs    # Errors  Last Runtime    Last Run
-------------------------------  -----  ---------  --------  ----------  --------------  -------------------
/opt/airflow/dags/load_sales.py                           0           1  0.23s           2025-05-15T10:19:42
================================================================================
[2025-05-15T10:20:41.048+0000] {manager.py:851} INFO - 
================================================================================
DAG File Processing Stats

File Path                        PID    Runtime      # DAGs    # Errors  Last Runtime    Last Run
-------------------------------  -----  ---------  --------  ----------  --------------  -------------------
/opt/airflow/dags/load_sales.py                           0           1  0.23s           2025-05-15T10:20:13
================================================================================
[2025-05-15T10:21:11.371+0000] {manager.py:851} INFO - 
================================================================================
DAG File Processing Stats

File Path                        PID    Runtime      # DAGs    # Errors  Last Runtime    Last Run
-------------------------------  -----  ---------  --------  ----------  --------------  -------------------
/opt/airflow/dags/load_sales.py                           0           1  0.24s           2025-05-15T10:20:43
================================================================================
[2025-05-15T10:21:41.701+0000] {manager.py:851} INFO - 
================================================================================
DAG File Processing Stats

File Path                        PID    Runtime      # DAGs    # Errors  Last Runtime    Last Run
-------------------------------  -----  ---------  --------  ----------  --------------  -------------------
/opt/airflow/dags/load_sales.py                           0           1  0.22s           2025-05-15T10:21:13
================================================================================
[2025-05-15T10:22:12.028+0000] {manager.py:851} INFO - 
================================================================================
DAG File Processing Stats

File Path                        PID    Runtime      # DAGs    # Errors  Last Runtime    Last Run
-------------------------------  -----  ---------  --------  ----------  --------------  -------------------
/opt/airflow/dags/load_sales.py                           0           1  0.27s           2025-05-15T10:21:44
================================================================================
[2025-05-15T10:22:42.377+0000] {manager.py:851} INFO - 
================================================================================
DAG File Processing Stats

File Path                        PID    Runtime      # DAGs    # Errors  Last Runtime    Last Run
-------------------------------  -----  ---------  --------  ----------  --------------  -------------------
/opt/airflow/dags/load_sales.py                           0           1  0.23s           2025-05-15T10:22:14
================================================================================
[2025-05-15T10:23:08.883+0000] {manager.py:726} INFO - Searching for files in /opt/airflow/dags
[2025-05-15T10:23:08.884+0000] {manager.py:729} INFO - There are 1 files in /opt/airflow/dags
[2025-05-15T10:23:12.700+0000] {manager.py:851} INFO - 
================================================================================
DAG File Processing Stats

File Path                        PID    Runtime      # DAGs    # Errors  Last Runtime    Last Run
-------------------------------  -----  ---------  --------  ----------  --------------  -------------------
/opt/airflow/dags/load_sales.py                           0           1  0.22s           2025-05-15T10:22:44
================================================================================
[2025-05-15T10:23:43.015+0000] {manager.py:851} INFO - 
================================================================================
DAG File Processing Stats

File Path                        PID    Runtime      # DAGs    # Errors  Last Runtime    Last Run
-------------------------------  -----  ---------  --------  ----------  --------------  -------------------
/opt/airflow/dags/load_sales.py                           0           1  0.25s           2025-05-15T10:23:15
================================================================================
[2025-05-15T10:24:13.357+0000] {manager.py:851} INFO - 
================================================================================
DAG File Processing Stats

File Path                        PID    Runtime      # DAGs    # Errors  Last Runtime    Last Run
-------------------------------  -----  ---------  --------  ----------  --------------  -------------------
/opt/airflow/dags/load_sales.py                           0           1  0.24s           2025-05-15T10:23:45
================================================================================
[2025-05-15T10:24:43.687+0000] {manager.py:851} INFO - 
================================================================================
DAG File Processing Stats

File Path                        PID    Runtime      # DAGs    # Errors  Last Runtime    Last Run
-------------------------------  -----  ---------  --------  ----------  --------------  -------------------
/opt/airflow/dags/load_sales.py                           0           1  0.29s           2025-05-15T10:24:15
================================================================================
[2025-05-15T10:25:14.070+0000] {manager.py:851} INFO - 
================================================================================
DAG File Processing Stats

File Path                        PID    Runtime      # DAGs    # Errors  Last Runtime    Last Run
-------------------------------  -----  ---------  --------  ----------  --------------  -------------------
/opt/airflow/dags/load_sales.py                           0           1  0.25s           2025-05-15T10:24:46
================================================================================
[2025-05-15T10:25:44.404+0000] {manager.py:851} INFO - 
================================================================================
DAG File Processing Stats

File Path                        PID    Runtime      # DAGs    # Errors  Last Runtime    Last Run
-------------------------------  -----  ---------  --------  ----------  --------------  -------------------
/opt/airflow/dags/load_sales.py                           0           1  0.25s           2025-05-15T10:25:16
================================================================================
[2025-05-15T10:26:14.754+0000] {manager.py:851} INFO - 
================================================================================
DAG File Processing Stats

File Path                        PID    Runtime      # DAGs    # Errors  Last Runtime    Last Run
-------------------------------  -----  ---------  --------  ----------  --------------  -------------------
/opt/airflow/dags/load_sales.py                           0           1  0.23s           2025-05-15T10:25:46
================================================================================
[2025-05-15T10:26:45.085+0000] {manager.py:851} INFO - 
================================================================================
DAG File Processing Stats

File Path                        PID    Runtime      # DAGs    # Errors  Last Runtime    Last Run
-------------------------------  -----  ---------  --------  ----------  --------------  -------------------
/opt/airflow/dags/load_sales.py                           0           1  0.28s           2025-05-15T10:26:17
================================================================================
[2025-05-15T10:27:15.452+0000] {manager.py:851} INFO - 
================================================================================
DAG File Processing Stats

File Path                        PID    Runtime      # DAGs    # Errors  Last Runtime    Last Run
-------------------------------  -----  ---------  --------  ----------  --------------  -------------------
/opt/airflow/dags/load_sales.py                           0           1  0.31s           2025-05-15T10:26:47
================================================================================
[2025-05-15T10:27:45.867+0000] {manager.py:851} INFO - 
================================================================================
DAG File Processing Stats

File Path                        PID    Runtime      # DAGs    # Errors  Last Runtime    Last Run
-------------------------------  -----  ---------  --------  ----------  --------------  -------------------
/opt/airflow/dags/load_sales.py                           0           1  0.29s           2025-05-15T10:27:18
================================================================================
[2025-05-15T10:28:09.237+0000] {manager.py:726} INFO - Searching for files in /opt/airflow/dags
[2025-05-15T10:28:09.238+0000] {manager.py:729} INFO - There are 1 files in /opt/airflow/dags
[2025-05-15T10:28:16.270+0000] {manager.py:851} INFO - 
================================================================================
DAG File Processing Stats

File Path                        PID    Runtime      # DAGs    # Errors  Last Runtime    Last Run
-------------------------------  -----  ---------  --------  ----------  --------------  -------------------
/opt/airflow/dags/load_sales.py                           0           1  0.28s           2025-05-15T10:27:48
================================================================================
[2025-05-15T10:28:46.641+0000] {manager.py:851} INFO - 
================================================================================
DAG File Processing Stats

File Path                        PID    Runtime      # DAGs    # Errors  Last Runtime    Last Run
-------------------------------  -----  ---------  --------  ----------  --------------  -------------------
/opt/airflow/dags/load_sales.py                           0           1  0.24s           2025-05-15T10:28:18
================================================================================
[2025-05-15T10:29:16.988+0000] {manager.py:851} INFO - 
================================================================================
DAG File Processing Stats

File Path                        PID    Runtime      # DAGs    # Errors  Last Runtime    Last Run
-------------------------------  -----  ---------  --------  ----------  --------------  -------------------
/opt/airflow/dags/load_sales.py                           0           1  0.23s           2025-05-15T10:28:49
================================================================================
[2025-05-15T10:29:47.325+0000] {manager.py:851} INFO - 
================================================================================
DAG File Processing Stats

File Path                        PID    Runtime      # DAGs    # Errors  Last Runtime    Last Run
-------------------------------  -----  ---------  --------  ----------  --------------  -------------------
/opt/airflow/dags/load_sales.py                           0           1  0.30s           2025-05-15T10:29:19
================================================================================
[2025-05-15T10:30:17.725+0000] {manager.py:851} INFO - 
================================================================================
DAG File Processing Stats

File Path                        PID    Runtime      # DAGs    # Errors  Last Runtime    Last Run
-------------------------------  -----  ---------  --------  ----------  --------------  -------------------
/opt/airflow/dags/load_sales.py                           0           1  0.27s           2025-05-15T10:29:49
================================================================================
[2025-05-15T10:30:48.085+0000] {manager.py:851} INFO - 
================================================================================
DAG File Processing Stats

File Path                        PID    Runtime      # DAGs    # Errors  Last Runtime    Last Run
-------------------------------  -----  ---------  --------  ----------  --------------  -------------------
/opt/airflow/dags/load_sales.py                           0           1  0.26s           2025-05-15T10:30:20
================================================================================
[2025-05-15T10:31:18.440+0000] {manager.py:851} INFO - 
================================================================================
DAG File Processing Stats

File Path                        PID    Runtime      # DAGs    # Errors  Last Runtime    Last Run
-------------------------------  -----  ---------  --------  ----------  --------------  -------------------
/opt/airflow/dags/load_sales.py                           0           1  0.30s           2025-05-15T10:30:50
================================================================================
[2025-05-15T10:31:48.848+0000] {manager.py:851} INFO - 
================================================================================
DAG File Processing Stats

File Path                        PID    Runtime      # DAGs    # Errors  Last Runtime    Last Run
-------------------------------  -----  ---------  --------  ----------  --------------  -------------------
/opt/airflow/dags/load_sales.py                           0           1  0.25s           2025-05-15T10:31:20
================================================================================
[2025-05-15T10:32:11.481+0000] {manager.py:465} INFO - Exiting gracefully upon receiving signal 15
