[2025-05-15T09:46:46.458+0000] {taskinstance.py:1087} INFO - Dependencies all met for <TaskInstance: load_sales_csv.load_csv scheduled__2023-03-30T00:00:00+00:00 [queued]>
[2025-05-15T09:46:46.484+0000] {taskinstance.py:1087} INFO - Dependencies all met for <TaskInstance: load_sales_csv.load_csv scheduled__2023-03-30T00:00:00+00:00 [queued]>
[2025-05-15T09:46:46.484+0000] {taskinstance.py:1283} INFO - 
--------------------------------------------------------------------------------
[2025-05-15T09:46:46.484+0000] {taskinstance.py:1284} INFO - Starting attempt 1 of 1
[2025-05-15T09:46:46.487+0000] {taskinstance.py:1285} INFO - 
--------------------------------------------------------------------------------
[2025-05-15T09:46:46.586+0000] {taskinstance.py:1304} INFO - Executing <Task(PythonOperator): load_csv> on 2023-03-30 00:00:00+00:00
[2025-05-15T09:46:46.667+0000] {standard_task_runner.py:55} INFO - Started process 754 to run task
[2025-05-15T09:46:46.731+0000] {standard_task_runner.py:82} INFO - Running: ['***', 'tasks', 'run', 'load_sales_csv', 'load_csv', 'scheduled__2023-03-30T00:00:00+00:00', '--job-id', '92', '--raw', '--subdir', 'DAGS_FOLDER/load_sales.py', '--cfg-path', '/tmp/tmpeyg2toti']
[2025-05-15T09:46:46.763+0000] {standard_task_runner.py:83} INFO - Job 92: Subtask load_csv
[2025-05-15T09:46:47.477+0000] {task_command.py:389} INFO - Running <TaskInstance: load_sales_csv.load_csv scheduled__2023-03-30T00:00:00+00:00 [running]> on host 1430ca430efd
[2025-05-15T09:46:50.123+0000] {taskinstance.py:1513} INFO - Exporting the following env vars:
AIRFLOW_CTX_DAG_OWNER=***
AIRFLOW_CTX_DAG_ID=load_sales_csv
AIRFLOW_CTX_TASK_ID=load_csv
AIRFLOW_CTX_EXECUTION_DATE=2023-03-30T00:00:00+00:00
AIRFLOW_CTX_TRY_NUMBER=1
AIRFLOW_CTX_DAG_RUN_ID=scheduled__2023-03-30T00:00:00+00:00
[2025-05-15T09:47:25.351+0000] {taskinstance.py:1483} ERROR - Received SIGTERM. Terminating subprocesses.
[2025-05-15T09:47:28.026+0000] {local_task_job.py:159} INFO - Task exited with return code Negsignal.SIGKILL
[2025-05-15T09:47:28.139+0000] {taskinstance.py:2582} INFO - 0 downstream tasks scheduled from follow-on schedule check
