[2025-05-15T09:48:20.837+0000] {taskinstance.py:1087} INFO - Dependencies all met for <TaskInstance: load_sales_csv.load_csv scheduled__2023-04-11T00:00:00+00:00 [queued]>
[2025-05-15T09:48:20.920+0000] {taskinstance.py:1087} INFO - Dependencies all met for <TaskInstance: load_sales_csv.load_csv scheduled__2023-04-11T00:00:00+00:00 [queued]>
[2025-05-15T09:48:20.920+0000] {taskinstance.py:1283} INFO - 
--------------------------------------------------------------------------------
[2025-05-15T09:48:20.921+0000] {taskinstance.py:1284} INFO - Starting attempt 1 of 1
[2025-05-15T09:48:20.921+0000] {taskinstance.py:1285} INFO - 
--------------------------------------------------------------------------------
[2025-05-15T09:48:21.096+0000] {taskinstance.py:1304} INFO - Executing <Task(PythonOperator): load_csv> on 2023-04-11 00:00:00+00:00
[2025-05-15T09:48:21.197+0000] {standard_task_runner.py:55} INFO - Started process 843 to run task
[2025-05-15T09:48:21.215+0000] {standard_task_runner.py:82} INFO - Running: ['***', 'tasks', 'run', 'load_sales_csv', 'load_csv', 'scheduled__2023-04-11T00:00:00+00:00', '--job-id', '104', '--raw', '--subdir', 'DAGS_FOLDER/load_sales.py', '--cfg-path', '/tmp/tmp_j3gi1a2']
[2025-05-15T09:48:21.228+0000] {standard_task_runner.py:83} INFO - Job 104: Subtask load_csv
[2025-05-15T09:48:21.818+0000] {task_command.py:389} INFO - Running <TaskInstance: load_sales_csv.load_csv scheduled__2023-04-11T00:00:00+00:00 [running]> on host 1430ca430efd
[2025-05-15T09:48:24.335+0000] {taskinstance.py:1513} INFO - Exporting the following env vars:
AIRFLOW_CTX_DAG_OWNER=***
AIRFLOW_CTX_DAG_ID=load_sales_csv
AIRFLOW_CTX_TASK_ID=load_csv
AIRFLOW_CTX_EXECUTION_DATE=2023-04-11T00:00:00+00:00
AIRFLOW_CTX_TRY_NUMBER=1
AIRFLOW_CTX_DAG_RUN_ID=scheduled__2023-04-11T00:00:00+00:00
[2025-05-15T09:48:44.316+0000] {taskinstance.py:1483} ERROR - Received SIGTERM. Terminating subprocesses.
[2025-05-15T09:48:50.097+0000] {local_task_job.py:159} INFO - Task exited with return code Negsignal.SIGKILL
[2025-05-15T09:48:50.641+0000] {taskinstance.py:2582} INFO - 0 downstream tasks scheduled from follow-on schedule check
